0 info it worked if it ends with ok
1 verbose cli [ '/home/davin/.nvm/v0.10.36/bin/node',
1 verbose cli   '/home/davin/.nvm/v0.10.36/bin/npm',
1 verbose cli   'install',
1 verbose cli   'karma-jasmine',
1 verbose cli   'karma-chrome-launcher',
1 verbose cli   'karma-phantom-launcher',
1 verbose cli   '--save-dev' ]
2 info using npm@1.4.28
3 info using node@v0.10.36
4 verbose readDependencies using package.json deps
5 verbose cache add [ 'karma-jasmine', null ]
6 verbose cache add name=undefined spec="karma-jasmine" args=["karma-jasmine",null]
7 verbose parsed url { protocol: null,
7 verbose parsed url   slashes: null,
7 verbose parsed url   auth: null,
7 verbose parsed url   host: null,
7 verbose parsed url   port: null,
7 verbose parsed url   hostname: null,
7 verbose parsed url   hash: null,
7 verbose parsed url   search: null,
7 verbose parsed url   query: null,
7 verbose parsed url   pathname: 'karma-jasmine',
7 verbose parsed url   path: 'karma-jasmine',
7 verbose parsed url   href: 'karma-jasmine' }
8 verbose cache add [ 'karma-chrome-launcher', null ]
9 verbose cache add name=undefined spec="karma-chrome-launcher" args=["karma-chrome-launcher",null]
10 verbose parsed url { protocol: null,
10 verbose parsed url   slashes: null,
10 verbose parsed url   auth: null,
10 verbose parsed url   host: null,
10 verbose parsed url   port: null,
10 verbose parsed url   hostname: null,
10 verbose parsed url   hash: null,
10 verbose parsed url   search: null,
10 verbose parsed url   query: null,
10 verbose parsed url   pathname: 'karma-chrome-launcher',
10 verbose parsed url   path: 'karma-chrome-launcher',
10 verbose parsed url   href: 'karma-chrome-launcher' }
11 verbose cache add [ 'karma-phantom-launcher', null ]
12 verbose cache add name=undefined spec="karma-phantom-launcher" args=["karma-phantom-launcher",null]
13 verbose parsed url { protocol: null,
13 verbose parsed url   slashes: null,
13 verbose parsed url   auth: null,
13 verbose parsed url   host: null,
13 verbose parsed url   port: null,
13 verbose parsed url   hostname: null,
13 verbose parsed url   hash: null,
13 verbose parsed url   search: null,
13 verbose parsed url   query: null,
13 verbose parsed url   pathname: 'karma-phantom-launcher',
13 verbose parsed url   path: 'karma-phantom-launcher',
13 verbose parsed url   href: 'karma-phantom-launcher' }
14 silly lockFile df56d5e8-karma-jasmine karma-jasmine
15 verbose lock karma-jasmine /home/davin/.npm/df56d5e8-karma-jasmine.lock
16 silly lockFile 4f6bc915-karma-chrome-launcher karma-chrome-launcher
17 verbose lock karma-chrome-launcher /home/davin/.npm/4f6bc915-karma-chrome-launcher.lock
18 silly lockFile 14e8ff10-karma-phantom-launcher karma-phantom-launcher
19 verbose lock karma-phantom-launcher /home/davin/.npm/14e8ff10-karma-phantom-launcher.lock
20 silly lockFile df56d5e8-karma-jasmine karma-jasmine
21 silly lockFile df56d5e8-karma-jasmine karma-jasmine
22 verbose addNamed [ 'karma-jasmine', '' ]
23 verbose addNamed [ null, '*' ]
24 silly lockFile a9316641-karma-jasmine karma-jasmine@
25 verbose lock karma-jasmine@ /home/davin/.npm/a9316641-karma-jasmine.lock
26 silly lockFile 4f6bc915-karma-chrome-launcher karma-chrome-launcher
27 silly lockFile 4f6bc915-karma-chrome-launcher karma-chrome-launcher
28 silly lockFile 14e8ff10-karma-phantom-launcher karma-phantom-launcher
29 silly lockFile 14e8ff10-karma-phantom-launcher karma-phantom-launcher
30 silly addNameRange { name: 'karma-jasmine', range: '*', hasData: false }
31 verbose addNamed [ 'karma-chrome-launcher', '' ]
32 verbose addNamed [ null, '*' ]
33 silly lockFile cd66acf6-karma-chrome-launcher karma-chrome-launcher@
34 verbose lock karma-chrome-launcher@ /home/davin/.npm/cd66acf6-karma-chrome-launcher.lock
35 verbose addNamed [ 'karma-phantom-launcher', '' ]
36 verbose addNamed [ null, '*' ]
37 silly lockFile bde3fbb5-karma-phantom-launcher karma-phantom-launcher@
38 verbose lock karma-phantom-launcher@ /home/davin/.npm/bde3fbb5-karma-phantom-launcher.lock
39 silly addNameRange { name: 'karma-chrome-launcher', range: '*', hasData: false }
40 silly addNameRange { name: 'karma-phantom-launcher', range: '*', hasData: false }
41 verbose request where is /karma-phantom-launcher
42 verbose request registry http://registry.npmjs.org/
43 verbose request id 15bb56ab0c78d143
44 verbose url raw /karma-phantom-launcher
45 verbose url resolving [ 'http://registry.npmjs.org/', './karma-phantom-launcher' ]
46 verbose url resolved http://registry.npmjs.org/karma-phantom-launcher
47 verbose request where is http://registry.npmjs.org/karma-phantom-launcher
48 info trying registry request attempt 1 at 18:52:25
49 http GET http://registry.npmjs.org/karma-phantom-launcher
50 verbose registry.get http://registry.npmjs.org/karma-jasmine not expired, no request
51 silly addNameRange number 2 { name: 'karma-jasmine', range: '*', hasData: true }
52 silly addNameRange versions [ 'karma-jasmine',
52 silly addNameRange   [ '0.0.1',
52 silly addNameRange     '0.0.2',
52 silly addNameRange     '0.0.3',
52 silly addNameRange     '0.1.0',
52 silly addNameRange     '0.1.1',
52 silly addNameRange     '0.1.2',
52 silly addNameRange     '0.1.3',
52 silly addNameRange     '0.1.4',
52 silly addNameRange     '0.1.5',
52 silly addNameRange     '0.2.0',
52 silly addNameRange     '0.2.1',
52 silly addNameRange     '0.2.2',
52 silly addNameRange     '0.2.3',
52 silly addNameRange     '0.3.0',
52 silly addNameRange     '0.3.1',
52 silly addNameRange     '0.3.2',
52 silly addNameRange     '0.3.3',
52 silly addNameRange     '0.3.4',
52 silly addNameRange     '0.3.5' ] ]
53 verbose addNamed [ 'karma-jasmine', '0.3.5' ]
54 verbose addNamed [ '0.3.5', '0.3.5' ]
55 silly lockFile b510234b-karma-jasmine-0-3-5 karma-jasmine@0.3.5
56 verbose lock karma-jasmine@0.3.5 /home/davin/.npm/b510234b-karma-jasmine-0-3-5.lock
57 verbose registry.get http://registry.npmjs.org/karma-chrome-launcher not expired, no request
58 silly addNameRange number 2 { name: 'karma-chrome-launcher', range: '*', hasData: true }
59 silly addNameRange versions [ 'karma-chrome-launcher',
59 silly addNameRange   [ '0.0.1',
59 silly addNameRange     '0.0.2',
59 silly addNameRange     '0.1.0',
59 silly addNameRange     '0.1.1',
59 silly addNameRange     '0.1.2',
59 silly addNameRange     '0.1.3',
59 silly addNameRange     '0.1.4',
59 silly addNameRange     '0.1.5',
59 silly addNameRange     '0.1.6',
59 silly addNameRange     '0.1.7',
59 silly addNameRange     '0.1.8',
59 silly addNameRange     '0.1.9',
59 silly addNameRange     '0.1.10',
59 silly addNameRange     '0.1.11',
59 silly addNameRange     '0.1.12' ] ]
60 verbose addNamed [ 'karma-chrome-launcher', '0.1.12' ]
61 verbose addNamed [ '0.1.12', '0.1.12' ]
62 silly lockFile f5f807cc-karma-chrome-launcher-0-1-12 karma-chrome-launcher@0.1.12
63 verbose lock karma-chrome-launcher@0.1.12 /home/davin/.npm/f5f807cc-karma-chrome-launcher-0-1-12.lock
64 silly lockFile b510234b-karma-jasmine-0-3-5 karma-jasmine@0.3.5
65 silly lockFile b510234b-karma-jasmine-0-3-5 karma-jasmine@0.3.5
66 silly lockFile a9316641-karma-jasmine karma-jasmine@
67 silly lockFile a9316641-karma-jasmine karma-jasmine@
68 silly lockFile f5f807cc-karma-chrome-launcher-0-1-12 karma-chrome-launcher@0.1.12
69 silly lockFile f5f807cc-karma-chrome-launcher-0-1-12 karma-chrome-launcher@0.1.12
70 silly lockFile cd66acf6-karma-chrome-launcher karma-chrome-launcher@
71 silly lockFile cd66acf6-karma-chrome-launcher karma-chrome-launcher@
72 http 404 http://registry.npmjs.org/karma-phantom-launcher
73 verbose headers { server: 'CouchDB/1.5.0 (Erlang OTP/R16B03)',
73 verbose headers   'content-type': 'application/json',
73 verbose headers   'cache-control': 'max-age=0',
73 verbose headers   'content-length': '51',
73 verbose headers   'accept-ranges': 'bytes',
73 verbose headers   date: 'Sun, 31 May 2015 17:52:25 GMT',
73 verbose headers   via: '1.1 varnish',
73 verbose headers   age: '0',
73 verbose headers   connection: 'keep-alive',
73 verbose headers   'x-served-by': 'cache-lhr6331-LHR',
73 verbose headers   'x-cache': 'MISS',
73 verbose headers   'x-cache-hits': '0',
73 verbose headers   'x-timer': 'S1433094745.613865,VS0,VE169' }
74 silly registry.get cb [ 404,
74 silly registry.get   { server: 'CouchDB/1.5.0 (Erlang OTP/R16B03)',
74 silly registry.get     'content-type': 'application/json',
74 silly registry.get     'cache-control': 'max-age=0',
74 silly registry.get     'content-length': '51',
74 silly registry.get     'accept-ranges': 'bytes',
74 silly registry.get     date: 'Sun, 31 May 2015 17:52:25 GMT',
74 silly registry.get     via: '1.1 varnish',
74 silly registry.get     age: '0',
74 silly registry.get     connection: 'keep-alive',
74 silly registry.get     'x-served-by': 'cache-lhr6331-LHR',
74 silly registry.get     'x-cache': 'MISS',
74 silly registry.get     'x-cache-hits': '0',
74 silly registry.get     'x-timer': 'S1433094745.613865,VS0,VE169' } ]
75 silly lockFile bde3fbb5-karma-phantom-launcher karma-phantom-launcher@
76 silly lockFile bde3fbb5-karma-phantom-launcher karma-phantom-launcher@
77 error 404 404 Not Found: karma-phantom-launcher
77 error 404
77 error 404 'karma-phantom-launcher' is not in the npm registry.
77 error 404 You should bug the author to publish it
77 error 404 It was specified as a dependency of 'life'
77 error 404
77 error 404 Note that you can also install from a
77 error 404 tarball, folder, or http url, or git url.
78 error System Linux 3.13.0-53-generic
79 error command "/home/davin/.nvm/v0.10.36/bin/node" "/home/davin/.nvm/v0.10.36/bin/npm" "install" "karma-jasmine" "karma-chrome-launcher" "karma-phantom-launcher" "--save-dev"
80 error cwd /home/davin/Dev/Projects/life
81 error node -v v0.10.36
82 error npm -v 1.4.28
83 error code E404
84 verbose exit [ 1, true ]
